Tamanho dos tipos	 float:4	 double:8	 long double:12
[%f]                 [19876.650391][19876.649650]
Precisão: [%.4f]     [19876.6504]|[19876.6496]
Precisão: [%.8f]     [19876.65039062]|[19876.64964965]
Precisão: [%.0f]     [19877]|[19877]
Campo:    [%12.4f]   [  19876.6504]|[  19876.6496]
Esquerda: [%-12.4f]  [19876.6504  ]|[19876.6496  ]
Zeros:    [%012.4f]  [0019876.6504]|[0019876.6496]
long double:[%Lf]    [19876.649650]
long double:[%.11Lf] [19876.64964964900]
Tamanho dos tipos	char:1	short:2	int:4	long:4	long long:8
Inteiros
char: %hhd                  [-128; 127]
short: %hd                  [-32768; 32767]
int: %d                     [-2147483648; 2147483647]
long: %ld                   [-2147483648; 2147483647]
long long: %lld             [-9223372036854775808; 9223372036854775807]
unsigned char: %hhu         [0; 255]
unsigned short: %hu         [0; 65535]
unsigned int: %u            [0; 4294967295]
unsigned long: %lu          [0; 4294967295]
unsigned long long: %llu    [0; 18446744073709551615]
hexadecimal (1999): %x %X   [7cf; 7CF]
hexadecimal: %lx %llX       [87bf8c6; 2659D6FF64AF7C7B]
